

```sh
[root@wenliufei1 rpcapd]# ./rpcapd -b 192.168.20.173 -p 80
Press CTRL + C to stop the server...


I'm exiting from the child loop
The other host terminated the connection.
Child terminated
I'm exiting from the child loop
The other host terminated the connection.
Child terminated
*** Error in `./rpcapd': double free or corruption (out): 0x000000000162f150 ***
======= Backtrace: =========
/lib64/libc.so.6(+0x81329)[0x7efd85bef329]
./rpcapd[0x412d14]
./rpcapd[0x404c7f]
./rpcapd[0x403b32]
./rpcapd[0x403364]
./rpcapd[0x4030a6]
./rpcapd[0x402ea6]
/lib64/libc.so.6(__libc_start_main+0xf5)[0x7efd85b90555]
./rpcapd[0x40297d]
======= Memory map: ========
00400000-0043a000 r-xp 00000000 fd:02 33595807                           /home/winpcap/wpcap/libpcap/rpcapd/rpcapd
0063a000-0063b000 r--p 0003a000 fd:02 33595807                           /home/winpcap/wpcap/libpcap/rpcapd/rpcapd
0063b000-0063c000 rw-p 0003b000 fd:02 33595807                           /home/winpcap/wpcap/libpcap/rpcapd/rpcapd
0063c000-00658000 rw-p 00000000 00:00 0 
0162d000-0164e000 rw-p 00000000 00:00 0                                  [heap]
0164e000-01650000 rw-p 00000000 00:00 0                                  [heap]
7efd80000000-7efd80021000 rw-p 00000000 00:00 0 
7efd80021000-7efd84000000 ---p 00000000 00:00 0 
7efd850bb000-7efd850d0000 r-xp 00000000 fd:00 33587067                   /usr/lib64/libgcc_s-4.8.5-20150702.so.1
7efd850d0000-7efd852cf000 ---p 00015000 fd:00 33587067                   /usr/lib64/libgcc_s-4.8.5-20150702.so.1
7efd852cf000-7efd852d0000 r--p 00014000 fd:00 33587067                   /usr/lib64/libgcc_s-4.8.5-20150702.so.1
7efd852d0000-7efd852d1000 rw-p 00015000 fd:00 33587067                   /usr/lib64/libgcc_s-4.8.5-20150702.so.1
7efd852d1000-7efd8534e000 r-xp 00000000 fd:00 33585899                   /usr/lib64/libfreeblpriv3.so
7efd8534e000-7efd8554d000 ---p 0007d000 fd:00 33585899                   /usr/lib64/libfreeblpriv3.so
7efd8554d000-7efd8554f000 r--p 0007c000 fd:00 33585899                   /usr/lib64/libfreeblpriv3.so
7efd8554f000-7efd85550000 rw-p 0007e000 fd:00 33585899                   /usr/lib64/libfreeblpriv3.so
7efd85550000-7efd85554000 rw-p 00000000 00:00 0 
7efd85554000-7efd85560000 r-xp 00000000 fd:00 34410419                   /usr/lib64/libnss_files-2.17.so
7efd85560000-7efd8575f000 ---p 0000c000 fd:00 34410419                   /usr/lib64/libnss_files-2.17.so
7efd8575f000-7efd85760000 r--p 0000b000 fd:00 34410419                   /usr/lib64/libnss_files-2.17.so
7efd85760000-7efd85761000 rw-p 0000c000 fd:00 34410419                   /usr/lib64/libnss_files-2.17.so
7efd85761000-7efd85767000 rw-p 00000000 00:00 0 
7efd85767000-7efd85769000 r-xp 00000000 fd:00 35594630                   /usr/lib64/libdl-2.17.so
7efd85769000-7efd85969000 ---p 00002000 fd:00 35594630                   /usr/lib64/libdl-2.17.so
7efd85969000-7efd8596a000 r--p 00002000 fd:00 35594630                   /usr/lib64/libdl-2.17.so
7efd8596a000-7efd8596b000 rw-p 00003000 fd:00 35594630                   /usr/lib64/libdl-2.17.so
7efd8596b000-7efd8596d000 r-xp 00000000 fd:00 33585897                   /usr/lib64/libfreebl3.so
7efd8596d000-7efd85b6c000 ---p 00002000 fd:00 33585897                   /usr/lib64/libfreebl3.so
7efd85b6c000-7efd85b6d000 r--p 00001000 fd:00 33585897                   /usr/lib64/libfreebl3.so
7efd85b6d000-7efd85b6e000 rw-p 00002000 fd:00 33585897                   /usr/lib64/libfreebl3.so
7efd85b6e000-7efd85d32000 r-xp 00000000 fd:00 33586176                   /usr/lib64/libc-2.17.so
7efd85d32000-7efd85f31000 ---p 001c4000 fd:00 33586176                   /usr/lib64/libc-2.17.so
7efd85f31000-7efd85f35000 r--p 001c3000 fd:00 33586176                   /usr/lib64/libc-2.17.so
7efd85f35000-7efd85f37000 rw-p 001c7000 fd:00 33586176                   /usr/lib64/libc-2.17.so
7efd85f37000-7efd85f3c000 rw-p 00000000 00:00 0 
7efd85f3c000-7efd85f53000 r-xp 00000000 fd:00 34411232                   /usr/lib64/libpthread-2.17.so
7efd85f53000-7efd86152000 ---p 00017000 fd:00 34411232                   /usr/lib64/libpthread-2.17.so
7efd86152000-7efd86153000 r--p 00016000 fd:00 34411232                   /usr/lib64/libpthread-2.17.so
7efd86153000-7efd86154000 rw-p 00017000 fd:00 34411232                   /usr/lib64/libpthread-2.17.so
7efd86154000-7efd86158000 rw-p 00000000 00:00 0 
7efd86158000-7efd86160000 r-xp 00000000 fd:00 35594627                   /usr/lib64/libcrypt-2.17.so
7efd86160000-7efd8635f000 ---p 00008000 fd:00 35594627                   /usr/lib64/libcrypt-2.17.so
7efd8635f000-7efd86360000 r--p 00007000 fd:00 35594627                   /usr/lib64/libcrypt-2.17.so
7efd86360000-7efd86361000 rw-p 00008000 fd:00 35594627                   /usr/lib64/libcrypt-2.17.so
7efd86361000-7efd8638f000 rw-p 00000000 00:00 0 
7efd8638f000-7efd863b1000 r-xp 00000000 fd:00 33554544                   /usr/lib64/ld-2.17.so
7efd865a2000-7efd865a6000 rw-p 00000000 00:00 0 
7efd865ad000-7efd865ae000 rw-p 00000000 00:00 0 
7efd865ae000-7efd865b0000 rw-p 00000000 00:00 0 
7efd865b0000-7efd865b1000 r--p 00021000 fd:00 33554544                   /usr/lib64/ld-2.17.so
7efd865b1000-7efd865b2000 rw-p 00022000 fd:00 33554544                   /usr/lib64/ld-2.17.so
7efd865b2000-7efd865b3000 rw-p 00000000 00:00 0 
7fffb9ddb000-7fffb9dfc000 rw-p 00000000 00:00 0                          [stack]
7fffb9dfe000-7fffb9e00000 r-xp 00000000 00:00 0                          [vdso]
ffffffffff600000-ffffffffff601000 r-xp 00000000 00:00 0                  [vsyscall]
Child terminated
The other end system asked to close the connection.
I'm exiting from the child loop

Child terminated
The other end system asked to close the connection.
I'm exiting from the child loop

Child terminated
The other end system asked to close the connection.
I'm exiting from the child loop

Child terminated
The other end system asked to close the connection.
I'm exiting from the child loop

Child terminated
The other end system asked to close the connection.
I'm exiting from the child loop

Child terminated

```

