xknower@ubuntu:~/Desktop/openjdk/jdk15/openjdk$ ./configure --with-boot-jdk=/home/xknower/Desktop/openjdk/jdk14/jdk-14
Runnable configure script is not present
Generating runnable configure script at /home/xknower/Desktop/openjdk/jdk15/openjdk/build/.configure-support/generated-configure.sh
Using autoconf at /usr/bin/autoconf [autoconf (GNU Autoconf) 2.69]
configure: Configuration created at Mon Oct 18 05:08:05 PDT 2021.
checking for basename... /usr/bin/basename
checking for bash... /usr/bin/bash
checking for cat... /usr/bin/cat
checking for chmod... /usr/bin/chmod
checking for cmp... /usr/bin/cmp
checking for comm... /usr/bin/comm
checking for cp... /usr/bin/cp
checking for cut... /usr/bin/cut
checking for date... /usr/bin/date
checking for gdiff... no
checking for diff... /usr/bin/diff
checking for dirname... /usr/bin/dirname
checking for echo... /usr/bin/echo
checking for expr... /usr/bin/expr
checking for file... /usr/bin/file
checking for find... /usr/bin/find
checking for head... /usr/bin/head
checking for gunzip... /usr/bin/gunzip
checking for pigz... no
checking for gzip... /usr/bin/gzip
checking for ln... /usr/bin/ln
checking for ls... /usr/bin/ls
checking for gmkdir... no
checking for mkdir... /usr/bin/mkdir
checking for mktemp... /usr/bin/mktemp
checking for mv... /usr/bin/mv
checking for nawk... /usr/bin/nawk
checking for printf... /usr/bin/printf
checking for greadlink... no
checking for readlink... /usr/bin/readlink
checking for rm... /usr/bin/rm
checking for rmdir... /usr/bin/rmdir
checking for sh... /usr/bin/sh
checking for sort... /usr/bin/sort
checking for tail... /usr/bin/tail
checking for gtar... no
checking for tar... /usr/bin/tar
checking for tee... /usr/bin/tee
checking for touch... /usr/bin/touch
checking for tr... /usr/bin/tr
checking for uname... /usr/bin/uname
checking for uniq... /usr/bin/uniq
checking for wc... /usr/bin/wc
checking for which... /usr/bin/which
checking for xargs... /usr/bin/xargs
checking for gawk... no
checking for mawk... mawk
checking for grep that handles long lines and -e... /usr/bin/grep
checking for egrep... /usr/bin/grep -E
checking for fgrep... /usr/bin/grep -F
checking for a sed that does not truncate output... /usr/bin/sed
checking for cygpath... no
checking for wslpath... no
checking for df... /usr/bin/df
checking for cpio... /usr/bin/cpio
checking for nice... /usr/bin/nice
checking for lsb_release... /usr/bin/lsb_release
checking for cmd.exe... no
checking build system type... x86_64-unknown-linux-gnu
checking host system type... x86_64-unknown-linux-gnu
checking target system type... x86_64-unknown-linux-gnu
checking openjdk-build os-cpu... linux-x86_64
checking openjdk-target os-cpu... linux-x86_64
checking compilation type... native
checking for top-level directory... /home/xknower/Desktop/openjdk/jdk15/openjdk
checking if custom source is suppressed (openjdk-only)... disabled, default
checking for --enable-debug... disabled, default
checking which debug level to use... release
checking which variants of the JVM to build... server
checking if absolute paths should be allowed in the build output... no, release build
checking for sysroot... 
checking for toolchain path... 
checking for extra path... 
checking where to store configuration... in default location
checking what configuration name to use... linux-x86_64-server-release
checking for zypper... no
checking for apt-get... apt-get
checking for pandoc... no
checking for gmake... no
checking for make... /usr/bin/make
configure: Testing potential make at /usr/bin/make, found using make in PATH
configure: Using GNU make at /usr/bin/make (version: GNU Make 4.2.1)
checking if make --output-sync is supported... yes
checking for output-sync value... none
checking if find supports -delete... yes
checking what type of tar was found... gnu
checking that grep (/usr/bin/grep) -Fx handles empty lines in the pattern list correctly... yes
checking for unzip... /usr/bin/unzip
checking for zip... /usr/bin/zip
checking for ldd... /usr/bin/ldd
checking for greadelf... no
checking for readelf... /usr/bin/readelf
checking for dot... no
checking for hg... no
checking for git... /usr/bin/git
checking for stat... /usr/bin/stat
checking for time... /usr/bin/time
checking for flock... /usr/bin/flock
checking for dtrace... no
checking for gpatch... no
checking for patch... /usr/bin/patch
checking for ulimit... no
configure: Required tool ulimit not found in PATH, checking built-in
configure: Found ulimit as shell built-in. Using it
checking bash version... 5.0.17
checking if bash supports pipefail... yes
checking if bash supports errexit (-e)... yes
checking for pkg-config... /usr/bin/pkg-config
checking pkg-config is at least version 0.9.0... yes
checking for default LOG value... 
checking if packaged modules are kept... enabled, default
checking for version string... 15-internal+0-adhoc.xknower.openjdk
configure: Found potential Boot JDK using configure arguments
checking for Boot JDK... /home/xknower/Desktop/openjdk/jdk14/jdk-14
checking Boot JDK version... openjdk version "14" 2020-03-17 OpenJDK Runtime Environment (build 14+36-1461) OpenJDK 64-Bit Server VM (build 14+36-1461, mixed mode, sharing) 
checking for java in Boot JDK... ok
checking for javac in Boot JDK... ok
checking for javadoc in Boot JDK... ok
checking for jar in Boot JDK... ok
checking for jarsigner in Boot JDK... ok
checking if Boot JDK is 32 or 64 bits... 64
checking for local Boot JDK Class Data Sharing (CDS)... yes, created
checking for Build JDK... yes, will use output dir
checking if we should build headless-only (no GUI)... disabled, default
checking if linker should clean out unused code (linktime-gc)... disabled, default
checking for graphviz dot... no, cannot generate full docs
checking for pandoc... no, cannot generate full docs
checking for --enable-full-docs... disabled, from default 'auto'
checking for cacerts file... default
checking for --enable-unlimited-crypto... enabled, default
checking for jni library path... default
checking if static build is available... no
checking if static build is enabled... disabled, default
configure: Using default toolchain gcc (GNU Compiler Collection)
checking for gcc... /usr/bin/gcc
checking resolved symbolic links for CC... /usr/bin/x86_64-linux-gnu-gcc-9
configure: Using gcc C compiler version 9.3.0 [gcc (Ubuntu 9.3.0-17ubuntu1~20.04) 9.3.0]
checking whether the C compiler works... yes
checking for C compiler default output file name... a.out
checking for suffix of executables... 
checking whether we are cross compiling... no
checking for suffix of object files... o
checking whether we are using the GNU C compiler... yes
checking whether /usr/bin/gcc accepts -g... yes
checking for /usr/bin/gcc option to accept ISO C89... none needed
checking for g++... /usr/bin/g++
checking resolved symbolic links for CXX... /usr/bin/x86_64-linux-gnu-g++-9
configure: Using gcc C++ compiler version 9.3.0 [g++ (Ubuntu 9.3.0-17ubuntu1~20.04) 9.3.0]
checking whether we are using the GNU C++ compiler... yes
checking whether /usr/bin/g++ accepts -g... yes
checking how to run the C preprocessor... /usr/bin/gcc -E
checking how to run the C++ preprocessor... /usr/bin/g++ -E
checking for ld... ld
configure: Rewriting LD_JAOTC to "/usr/bin/ld"
configure: Using gcc linker version 2.34 [GNU ld (GNU Binutils for Ubuntu) 2.34]
checking for ar... ar
configure: Rewriting AR to "/usr/bin/ar"
checking for strip... strip
configure: Rewriting STRIP to "/usr/bin/strip"
checking for nm... nm
configure: Rewriting NM to "/usr/bin/nm"
checking for gobjcopy... no
checking for objcopy... objcopy
configure: Rewriting OBJCOPY to "/usr/bin/objcopy"
checking for gobjdump... no
checking for objdump... objdump
configure: Rewriting OBJDUMP to "/usr/bin/objdump"
checking for c++filt... c++filt
configure: Rewriting CXXFILT to "/usr/bin/c++filt"
checking for jtreg... no
checking for jtreg test harness... no, not found
checking for jmh (Java Microbenchmark Harness)... no, disabled
checking for jib... no
checking if @file is supported by gcc... yes
checking if CC supports "-m64"... yes
checking if CXX supports "-m64"... yes
checking if both CC and CXX support "-m64"... yes
checking for ANSI C header files... yes
checking for sys/types.h... yes
checking for sys/stat.h... yes
checking for stdlib.h... yes
checking for string.h... yes
checking for memory.h... yes
checking for strings.h... yes
checking for inttypes.h... yes
checking for stdint.h... yes
checking for unistd.h... yes
checking stdio.h usability... yes
checking stdio.h presence... yes
checking for stdio.h... yes
checking size of int *... 8
checking for target address size... 64 bits
checking whether byte ordering is bigendian... no
checking for --enable-warnings-as-errors... enabled, default
checking for library containing clock_gettime... none required
checking if CC supports "-Xassembler -mrelax-relocations=no"... yes
checking if CXX supports "-Xassembler -mrelax-relocations=no"... yes
checking if both CC and CXX support "-Xassembler -mrelax-relocations=no"... yes
checking if CXX supports "-std=gnu++98"... yes
checking if CC supports "-fno-delete-null-pointer-checks"... yes
checking if CXX supports "-fno-delete-null-pointer-checks"... yes
checking if both CC and CXX support "-fno-delete-null-pointer-checks"... yes
checking if CC supports "-fno-lifetime-dse"... yes
checking if CXX supports "-fno-lifetime-dse"... yes
checking if both CC and CXX support "-fno-lifetime-dse"... yes
checking if CC supports "-fmacro-prefix-map=/home/xknower/Desktop/openjdk/jdk15/openjdk/="... yes
checking if CXX supports "-fmacro-prefix-map=/home/xknower/Desktop/openjdk/jdk15/openjdk/="... yes
checking if both CC and CXX support "-fmacro-prefix-map=/home/xknower/Desktop/openjdk/jdk15/openjdk/="... yes
checking if CC supports "-ffp-contract=off"... yes
checking if CXX supports "-ffp-contract=off"... yes
checking if both CC and CXX support "-ffp-contract=off"... yes
checking if BUILD_CXX supports "-std=gnu++98"... yes
checking if BUILD_CC supports "-fno-delete-null-pointer-checks"... yes
checking if BUILD_CXX supports "-fno-delete-null-pointer-checks"... yes
checking if both BUILD_CC and BUILD_CXX support "-fno-delete-null-pointer-checks"... yes
checking if BUILD_CC supports "-fno-lifetime-dse"... yes
checking if BUILD_CXX supports "-fno-lifetime-dse"... yes
checking if both BUILD_CC and BUILD_CXX support "-fno-lifetime-dse"... yes
checking if BUILD_CC supports "-fmacro-prefix-map=/home/xknower/Desktop/openjdk/jdk15/openjdk/="... yes
checking if BUILD_CXX supports "-fmacro-prefix-map=/home/xknower/Desktop/openjdk/jdk15/openjdk/="... yes
checking if both BUILD_CC and BUILD_CXX support "-fmacro-prefix-map=/home/xknower/Desktop/openjdk/jdk15/openjdk/="... yes
checking if BUILD_CC supports "-ffp-contract=off"... yes
checking if BUILD_CXX supports "-ffp-contract=off"... yes
checking if both BUILD_CC and BUILD_CXX support "-ffp-contract=off"... yes
checking what type of native debug symbols to use... external
checking if we should add external native debug symbols to the shipped bundles... no
checking if native coverage is available... yes
checking for --enable-native-coverage... disabled, default
checking if AddressSanitizer (asan) is available... yes
checking for --enable-asan... disabled, default
checking if static link of stdc++ is possible... yes
checking how to link with libstdc++... static
checking for X... libraries , headers 
checking for gethostbyname... yes
checking for connect... yes
checking for remove... yes
checking for shmat... yes
checking for IceConnectionNumber in -lICE... yes
checking for X11/extensions/shape.h... yes
checking for X11/extensions/Xrender.h... yes
checking for X11/extensions/XTest.h... yes
checking for X11/Intrinsic.h... yes
checking for X11/extensions/Xrandr.h... yes
checking cups/cups.h usability... yes
checking cups/cups.h presence... yes
checking for cups/cups.h... yes
checking cups/ppd.h usability... yes
checking cups/ppd.h presence... yes
checking for cups/ppd.h... yes
checking fontconfig/fontconfig.h usability... yes
checking fontconfig/fontconfig.h presence... yes
checking for fontconfig/fontconfig.h... yes
checking for FREETYPE... yes
checking for freetype... yes (using pkg-config)
Using freetype: system
checking for ALSA... yes
checking for --enable-libffi-bundling... disabled, default
checking for which libjpeg to use... bundled
checking for which giflib to use... bundled
checking for PNG... yes
checking for which libpng to use... bundled
checking for compress in -lz... yes
checking for which zlib to use... system
checking for system zlib functionality... ok
checking for which lcms to use... bundled
checking for cos in -lm... yes
checking for dlopen in -ldl... yes
checking for JVM features enabled by the user... none
checking for JVM features disabled by the user... none
checking if platform is supported by AOT... yes
checking if AOT source code is present... yes
checking if JVM feature 'aot' is available... yes
checking if platform is supported by CDS... yes
checking if JVM feature 'cds' is available... yes
checking for dtrace tool... no
checking sys/sdt.h usability... no
checking sys/sdt.h presence... no
checking for sys/sdt.h... no
configure: Cannot enable dtrace with missing dependencies. See above.
checking if JVM feature 'dtrace' is available... no
checking if platform is supported by Graal... yes
checking if JVM feature 'graal' is available... yes
checking if platform is supported by JFR... yes
checking if JVM feature 'jfr' is available... yes
checking if platform is supported by JVMCI... yes
checking if JVM feature 'jvmci' is available... yes
checking if platform is supported by Shenandoah... yes
checking if JVM feature 'shenandoahgc' is available... yes
checking if static-build is enabled in configure... no, use --enable-static-build to enable static build.
checking if JVM feature 'static-build' is available... no
checking if platform is supported by ZGC... yes
checking if JVM feature 'zgc' is available... yes
checking JVM features to use for variant 'server'... 'aot cds compiler1 compiler2 epsilongc g1gc graal jfr jni-check jvmci jvmti management nmt parallelgc serialgc services shenandoahgc vm-structs zgc'
checking if elliptic curve crypto implementation is present... yes
checking if the jtreg failure handler is available... no (jtreg not present)
checking if the jtreg failure handler should be built... disabled, from default 'auto'
checking if the CDS classlist generation should be enabled... enabled, from default 'auto'
checking if any translations should be excluded... no
checking if static man pages should be copied... enabled, default
checking if CDS archive is available... yes
checking if a default CDS archive should be generated... enabled, from default 'auto'
checking what source date to use... determined at build time, from 'updated'
checking for --enable-reproducible-build... disabled, default
checking for number of cores... 4
checking for memory size... 3901 MB
checking for appropriate number of jobs to run in parallel... 3
checking whether to use javac server... enabled, default
checking flags for boot jdk java command ...  -Duser.language=en -Duser.country=US  -XX:+UnlockDiagnosticVMOptions -XX:-VerifySharedSpaces -XX:SharedArchiveFile=/home/xknower/Desktop/openjdk/jdk15/openjdk/build/linux-x86_64-server-release/configure-support/classes.jsa -Xshare:auto 
checking flags for boot jdk java command for big workloads...  -Xms64M -Xmx1600M
checking flags for bootcycle boot jdk java command for big workloads... -Xms64M -Xmx1600M
checking flags for boot jdk java command for small workloads...  -XX:+UseSerialGC -Xms32M -Xmx512M -XX:TieredStopAtLevel=1
checking for --enable-icecc... disabled, default
checking if precompiled headers are available... yes
checking for --enable-precompiled-headers... enabled, from default 'auto'
checking for ccache... no
checking if ccache is available... no, ccache binary missing or not executable
checking if ccache is enabled... disabled, default
checking if build directory is on local disk... yes
configure: creating /home/xknower/Desktop/openjdk/jdk15/openjdk/build/linux-x86_64-server-release/configure-support/config.status
config.status: creating /home/xknower/Desktop/openjdk/jdk15/openjdk/build/linux-x86_64-server-release/spec.gmk
config.status: creating /home/xknower/Desktop/openjdk/jdk15/openjdk/build/linux-x86_64-server-release/bootcycle-spec.gmk
config.status: creating /home/xknower/Desktop/openjdk/jdk15/openjdk/build/linux-x86_64-server-release/buildjdk-spec.gmk
config.status: creating /home/xknower/Desktop/openjdk/jdk15/openjdk/build/linux-x86_64-server-release/compare.sh
config.status: creating /home/xknower/Desktop/openjdk/jdk15/openjdk/build/linux-x86_64-server-release/Makefile

====================================================
A new configuration has been successfully created in
/home/xknower/Desktop/openjdk/jdk15/openjdk/build/linux-x86_64-server-release
using configure arguments '--with-boot-jdk=/home/xknower/Desktop/openjdk/jdk14/jdk-14'.

Configuration summary:
* Debug level:    release
* HS debug level: product
* JVM variants:   server
* JVM features:   server: 'aot cds compiler1 compiler2 epsilongc g1gc graal jfr jni-check jvmci jvmti management nmt parallelgc serialgc services shenandoahgc vm-structs zgc' 
* OpenJDK target: OS: linux, CPU architecture: x86, address length: 64
* Version string: 15-internal+0-adhoc.xknower.openjdk (15-internal)

Tools summary:
* Boot JDK:       openjdk version "14" 2020-03-17 OpenJDK Runtime Environment (build 14+36-1461) OpenJDK 64-Bit Server VM (build 14+36-1461, mixed mode, sharing)  (at /home/xknower/Desktop/openjdk/jdk14/jdk-14)
* Toolchain:      gcc (GNU Compiler Collection)
* C Compiler:     Version 9.3.0 (at /usr/bin/gcc)
* C++ Compiler:   Version 9.3.0 (at /usr/bin/g++)

Build performance summary:
* Cores to use:   3
* Memory limit:   3901 MB