xknower@ubuntu:~/Desktop/openjdk/jdk17/openjdk$ make
Building target 'default (exploded-image)' in configuration 'linux-x86_64-server-release'
Compiling 8 files for BUILD_TOOLS_LANGTOOLS
Compiling 1 files for BUILD_TOOLS_HOTSPOT
Creating hotspot/variant-server/tools/adlc/adlc from 13 file(s)
Parsing 2 properties into enum-like class for jdk.compiler
Compiling 16 properties into resource bundles for jdk.compiler
Compiling 2 files for BUILD_JVMTI_TOOLS
Compiling 13 properties into resource bundles for jdk.javadoc
Compiling 12 properties into resource bundles for jdk.jdeps
Compiling 7 properties into resource bundles for jdk.jshell
Compiling 127 files for BUILD_java.compiler.interim
Compiling 402 files for BUILD_jdk.compiler.interim
Compiling 229 files for BUILD_jdk.javadoc.interim
Creating support/modules_libs/java.base/server/libjvm.so from 1064 file(s)
Compiling 185 files for BUILD_TOOLS_JDK
Compiling 2 files for COMPILE_DEPEND
Compiling 11 properties into resource bundles for jdk.jartool
Compiling 71 files for COMPILE_CREATE_SYMBOLS
Compiling 11 properties into resource bundles for jdk.management.agent
Compiling 3 properties into resource bundles for jdk.jdi
Compiling 5 properties into resource bundles for jdk.jlink
Compiling 3 properties into resource bundles for jdk.jlink
Compiling 1 properties into resource bundles for jdk.jlink
Compiling 224 properties into resource bundles for jdk.localedata
Compiling 11 properties into resource bundles for java.base
Compiling 6 properties into resource bundles for java.base
Compiling 2 files for BUILD_BREAKITERATOR_BASE
Compiling 2 files for BUILD_BREAKITERATOR_LD
Compiling 11 properties into resource bundles for java.logging
Compiling 3071 files for java.base
Compiling 89 properties into resource bundles for java.desktop
Compiling 10 files for java.instrument
Compiling 35 files for java.logging
Compiling 330 files for java.management
Compiling 141 files for java.net.http
Compiling 5 files for java.transaction.xa
Compiling 15 files for java.scripting
Compiling 22 files for java.smartcardio
Compiling 61 files for jdk.internal.jvmstat
Compiling 120 files for jdk.charsets
Compiling 71 files for COMPILE_CREATE_SYMBOLS
Compiling 35 files for jdk.crypto.ec
Creating ct.sym classes
Compiling 68 files for jdk.dynalink
Compiling 3 files for jdk.internal.ed
Compiling 44 files for jdk.httpserver
Compiling 64 files for jdk.incubator.foreign
Compiling 50 files for jdk.incubator.vector
Compiling 100 files for jdk.internal.le
Compiling 51 files for jdk.internal.opt
Compiling 205 files for jdk.internal.vm.ci
Compiling 30 files for jdk.jartool
Compiling 24 files for jdk.management
Compiling 1 files for jdk.jdwp.agent
Compiling 240 files for jdk.jfr
Compiling 4 files for jdk.jsobject
Compiling 1806 files for jdk.localedata
Compiling 15 files for jdk.management.jfr
Compiling 9 files for jdk.net
Compiling 2 files for jdk.nio.mapmode
Compiling 11 files for jdk.random
Compiling 33 files for jdk.sctp
Compiling 9 files for jdk.unsupported
Compiling 14 files for jdk.zipfs
Compiling 127 files for java.compiler
Compiling 18 files for java.datatransfer
Compiling 1846 files for java.xml
Compiling 30 files for java.security.sasl
Compiling 106 files for java.rmi
Compiling 77 files for java.sql
Compiling 272 files for java.xml.crypto
Compiling 15 files for jdk.attach
Compiling 406 files for jdk.compiler
Compiling 75 files for jdk.crypto.cryptoki
Compiling 1 files for jdk.internal.vm.compiler
Compiling 1 files for jdk.internal.vm.compiler.management
Compiling 229 files for jdk.javadoc
Compiling 40 files for jdk.jcmd
Compiling 136 files for jdk.jdeps
Compiling 251 files for jdk.jdi
Compiling 84 files for jdk.jlink
Compiling 11 files for jdk.jstatd
Compiling 94 files for jdk.xml.dom
Compiling 15 files for java.prefs
Compiling 199 files for java.naming
Compiling 95 files for jdk.jshell
Compiling 2768 files for java.desktop
Compiling 16 files for jdk.naming.dns
Compiling 8 files for jdk.naming.rmi
Compiling 16 files for java.management.rmi
Compiling 220 files for java.security.jgss
Compiling 56 files for java.sql.rowset
Compiling 31 files for jdk.management.agent
Compiling 30 files for jdk.security.auth
Compiling 16 files for jdk.security.jgss
Compiling 1 files for java.se
Compiling 18 files for jdk.accessibility
Compiling 3 files for jdk.editpad
Compiling 956 files for jdk.hotspot.agent
Compiling 64 files for jdk.jconsole
Compiling 47 files for jdk.jpackage
Compiling 8 files for jdk.unsupported.desktop
Creating support/modules_libs/java.base/libverify.so from 1 file(s)
Creating support/modules_libs/java.base/libjava.so from 59 file(s)
Creating support/native/java.base/libfdlibm.a from 57 file(s)
Creating support/modules_libs/java.base/libzip.so from 5 file(s)
Creating support/modules_libs/java.base/libjimage.so from 6 file(s)
Creating support/modules_libs/java.base/libjli.so from 8 file(s)
Creating support/modules_libs/java.base/libnet.so from 21 file(s)
Creating support/modules_libs/java.base/libnio.so from 22 file(s)
Creating support/modules_libs/java.base/libjsig.so from 1 file(s)
Creating support/modules_libs/java.prefs/libprefs.so from 1 file(s)
Creating support/modules_cmds/java.base/java from 1 file(s)
Creating support/modules_cmds/java.base/keytool from 1 file(s)
Creating support/modules_libs/java.base/jexec from 1 file(s)
Creating support/modules_libs/java.base/jspawnhelper from 1 file(s)
Creating support/modules_libs/java.instrument/libinstrument.so from 12 file(s)
Creating support/modules_libs/java.desktop/libmlib_image.so from 50 file(s)
Creating support/modules_libs/java.desktop/libawt.so from 72 file(s)
Creating support/modules_libs/java.desktop/libawt_xawt.so from 51 file(s)
Creating support/modules_libs/java.desktop/liblcms.so from 27 file(s)
Creating support/modules_libs/java.desktop/libjavajpeg.so from 46 file(s)
Creating support/modules_libs/java.desktop/libawt_headless.so from 26 file(s)
Creating support/modules_libs/java.desktop/libfontmanager.so from 63 file(s)
Creating support/modules_libs/java.desktop/libjawt.so from 1 file(s)
Creating support/modules_libs/java.desktop/libsplashscreen.so from 67 file(s)
Creating support/modules_libs/java.desktop/libjsound.so from 18 file(s)
Creating support/modules_libs/java.management/libmanagement.so from 9 file(s)
Creating support/modules_libs/java.rmi/librmi.so from 1 file(s)
Creating support/modules_cmds/java.rmi/rmiregistry from 1 file(s)
Creating support/modules_cmds/java.scripting/jrunscript from 1 file(s)
Creating support/modules_libs/java.security.jgss/libj2gss.so from 3 file(s)
Creating support/modules_libs/java.smartcardio/libj2pcsc.so from 2 file(s)
Creating support/modules_libs/jdk.attach/libattach.so from 1 file(s)
Creating support/modules_cmds/jdk.compiler/javac from 1 file(s)
Creating support/modules_cmds/jdk.compiler/serialver from 1 file(s)
Creating support/modules_libs/jdk.crypto.cryptoki/libj2pkcs11.so from 14 file(s)
Creating support/modules_libs/jdk.hotspot.agent/libsaproc.so from 10 file(s)
Creating support/modules_cmds/jdk.hotspot.agent/jhsdb from 1 file(s)
Creating support/modules_libs/jdk.incubator.foreign/libsyslookup.so from 1 file(s)
Creating support/modules_libs/jdk.incubator.vector/libsvml.so from 36 file(s)
Creating support/modules_cmds/jdk.jartool/jar from 1 file(s)
Creating support/modules_cmds/jdk.jartool/jarsigner from 1 file(s)
Creating support/modules_cmds/jdk.javadoc/javadoc from 1 file(s)
Creating support/modules_cmds/jdk.jcmd/jinfo from 1 file(s)
Creating support/modules_cmds/jdk.jcmd/jmap from 1 file(s)
Creating support/modules_cmds/jdk.jcmd/jps from 1 file(s)
Creating support/modules_cmds/jdk.jcmd/jstack from 1 file(s)
Creating support/modules_cmds/jdk.jcmd/jstat from 1 file(s)
Creating support/modules_cmds/jdk.jcmd/jcmd from 1 file(s)
Creating support/modules_libs/jdk.management/libmanagement_ext.so from 8 file(s)
Creating support/modules_libs/jdk.management.agent/libmanagement_agent.so from 1 file(s)
Creating support/modules_cmds/jdk.jconsole/jconsole from 1 file(s)
Creating support/modules_cmds/jdk.jdeps/javap from 1 file(s)
Creating support/modules_cmds/jdk.jdeps/jdeps from 1 file(s)
Creating support/modules_cmds/jdk.jdeps/jdeprscan from 1 file(s)
Creating support/modules_libs/jdk.jdwp.agent/libdt_socket.so from 2 file(s)
Creating support/modules_libs/jdk.jdwp.agent/libjdwp.so from 43 file(s)
Creating support/modules_cmds/jdk.jdi/jdb from 1 file(s)
Creating support/modules_cmds/jdk.jfr/jfr from 1 file(s)
Creating support/modules_cmds/jdk.jlink/jimage from 1 file(s)
Creating support/modules_cmds/jdk.jlink/jlink from 1 file(s)
Creating support/modules_cmds/jdk.jlink/jmod from 1 file(s)
Creating jdk/modules/jdk.jpackage/jdk/jpackage/internal/resources/jpackageapplauncher from 3 file(s)
Creating jdk/modules/jdk.jpackage/jdk/jpackage/internal/resources/libjpackageapplauncher.so from 17 file(s)
Creating support/modules_cmds/jdk.jpackage/jpackage from 1 file(s)
Creating support/modules_cmds/jdk.jshell/jshell from 1 file(s)
Creating support/modules_cmds/jdk.jstatd/jstatd from 1 file(s)
Creating support/modules_libs/jdk.net/libextnet.so from 1 file(s)
Creating support/modules_libs/jdk.sctp/libsctp.so from 2 file(s)
Creating support/modules_libs/jdk.security.auth/libjaas.so from 1 file(s)
Compiling 4 files for BUILD_JIGSAW_TOOLS
Optimizing the exploded image
Stopping sjavac server
Finished building target 'default (exploded-image)' in configuration 'linux-x86_64-server-release'