xknower@ubuntu:~/Desktop/openjdk/jdk8/openjdk$ ./configure --with-boot-jdk=/home/xknower/Desktop/openjdk/jdk7/java-se-7u75-ri
Running generated-configure.sh
configure: Configuration created at Mon Oct 18 05:26:49 PDT 2021.
configure: configure script generated at timestamp 1573688723.
checking for basename... /usr/bin/basename
checking for bash... /usr/bin/bash
checking for cat... /usr/bin/cat
checking for chmod... /usr/bin/chmod
checking for cmp... /usr/bin/cmp
checking for comm... /usr/bin/comm
checking for cp... /usr/bin/cp
checking for cpio... /usr/bin/cpio
checking for cut... /usr/bin/cut
checking for date... /usr/bin/date
checking for gdiff... no
checking for diff... /usr/bin/diff
checking for dirname... /usr/bin/dirname
checking for echo... /usr/bin/echo
checking for expr... /usr/bin/expr
checking for file... /usr/bin/file
checking for find... /usr/bin/find
checking for head... /usr/bin/head
checking for ln... /usr/bin/ln
checking for ls... /usr/bin/ls
checking for mkdir... /usr/bin/mkdir
checking for mktemp... /usr/bin/mktemp
checking for mv... /usr/bin/mv
checking for printf... /usr/bin/printf
checking for rm... /usr/bin/rm
checking for sh... /usr/bin/sh
checking for sort... /usr/bin/sort
checking for tail... /usr/bin/tail
checking for tar... /usr/bin/tar
checking for tee... /usr/bin/tee
checking for touch... /usr/bin/touch
checking for tr... /usr/bin/tr
checking for uname... /usr/bin/uname
checking for uniq... /usr/bin/uniq
checking for wc... /usr/bin/wc
checking for which... /usr/bin/which
checking for xargs... /usr/bin/xargs
checking for gawk... no
checking for mawk... mawk
checking for grep that handles long lines and -e... /usr/bin/grep
checking for egrep... /usr/bin/grep -E
checking for fgrep... /usr/bin/grep -F
checking for a sed that does not truncate output... /usr/bin/sed
checking for nawk... /usr/bin/nawk
checking for cygpath... no
checking for readlink... /usr/bin/readlink
checking for df... /usr/bin/df
checking for SetFile... no
checking build system type... x86_64-unknown-linux-gnu
checking host system type... x86_64-unknown-linux-gnu
checking target system type... x86_64-unknown-linux-gnu
checking openjdk-build os-cpu... linux-x86_64
checking openjdk-target os-cpu... linux-x86_64
checking compilation type... native
checking for presence of closed sources... no
checking if closed source is suppressed (openjdk-only)... no
checking which variant of the JDK to build... normal
checking which interpreter of the JVM to build... template
checking which variants of the JVM to build... server
checking which debug level to use... release
checking what configuration name to use... linux-x86_64-normal-server-release
checking for apt-get... apt-get
checking for gmake... no
checking for make... /usr/bin/make
configure: Testing potential make at /usr/bin/make, found using make in PATH
configure: Resolving FOUND_MAKE (as /usr/bin/make) failed, using /usr/bin/make directly.
configure: Using GNU make 3.81 (or later) at /usr/bin/make (version: GNU Make 4.2.1)
checking if find supports -delete... yes
checking for unzip... /usr/bin/unzip
checking for zip... /usr/bin/zip
checking for ldd... /usr/bin/ldd
checking for otool... no
checking for readelf... /usr/bin/readelf
checking for hg... no
checking for stat... /usr/bin/stat
checking for time... /usr/bin/time
checking for pkg-config... /usr/bin/pkg-config
checking pkg-config is at least version 0.9.0... yes
checking for 7z... no
checking for unzip... unzip
checking for wget... wget
checking headful support... include support for both headful and headless
configure: Found potential Boot JDK using configure arguments
checking for Boot JDK... /home/xknower/Desktop/openjdk/jdk7/java-se-7u75-ri
checking Boot JDK version... openjdk version "1.7.0_75" OpenJDK Runtime Environment (build 1.7.0_75-b13) OpenJDK 64-Bit Server VM (build 24.75-b04, mixed mode) 
checking for java in Boot JDK... ok
checking for javac in Boot JDK... ok
checking for javah in Boot JDK... ok
checking for javap in Boot JDK... ok
checking for jar in Boot JDK... ok
checking for rmic in Boot JDK... ok
checking for native2ascii in Boot JDK... ok
checking flags for boot jdk java command ...  
checking flags for boot jdk java command for big workloads...  -Xms64M -Xmx1600M -XX:ThreadStackSize=1536 -XX:PermSize=32m -XX:MaxPermSize=160m
checking flags for boot jdk java command for small workloads...  -XX:+UseSerialGC -Xms32M -Xmx512M
checking for jtreg... no
checking for gcc... /usr/bin/gcc
configure: Resolving CC (as /usr/bin/gcc) failed, using /usr/bin/gcc directly.
checking resolved symbolic links for CC... /usr/bin/x86_64-linux-gnu-gcc-9
checking if CC is disguised ccache... no, keeping CC
configure: Using x86_64-linux-gnu-gcc-9 (Ubuntu 9.3.0-17ubuntu1~20.04) C compiler version 9.3.0 (located at /usr/bin/x86_64-linux-gnu-gcc-9)
checking whether the C compiler works... yes
checking for C compiler default output file name... a.out
checking for suffix of executables... 
checking whether we are cross compiling... no
checking for suffix of object files... o
checking whether we are using the GNU C compiler... yes
checking whether /usr/bin/x86_64-linux-gnu-gcc-9 accepts -g... yes
checking for /usr/bin/x86_64-linux-gnu-gcc-9 option to accept ISO C89... none needed
checking for g++... /usr/bin/g++
configure: Resolving CXX (as /usr/bin/g++) failed, using /usr/bin/g++ directly.
checking resolved symbolic links for CXX... /usr/bin/x86_64-linux-gnu-g++-9
checking if CXX is disguised ccache... no, keeping CXX
configure: Using x86_64-linux-gnu-g++-9 (Ubuntu 9.3.0-17ubuntu1~20.04) C++ compiler version 9.3.0 (located at /usr/bin/x86_64-linux-gnu-g++-9)
checking whether we are using the GNU C++ compiler... yes
checking whether /usr/bin/x86_64-linux-gnu-g++-9 accepts -g... yes
checking for ar... ar
configure: Rewriting AR to "/usr/bin/ar"
checking how to run the C preprocessor... /usr/bin/x86_64-linux-gnu-gcc-9 -E
configure: Resolving CPP (as /usr/bin/x86_64-linux-gnu-gcc-9) failed, using /usr/bin/x86_64-linux-gnu-gcc-9 directly.
checking how to run the C++ preprocessor... /usr/bin/x86_64-linux-gnu-g++-9 -E
configure: Resolving CXXCPP (as /usr/bin/x86_64-linux-gnu-g++-9) failed, using /usr/bin/x86_64-linux-gnu-g++-9 directly.
checking for nm... nm
configure: Rewriting NM to "/usr/bin/nm"
checking for strip... strip
configure: Rewriting STRIP to "/usr/bin/strip"
checking for gobjcopy... no
checking for objcopy... objcopy
configure: Rewriting OBJCOPY to "/usr/bin/objcopy"
checking for gobjdump... no
checking for objdump... objdump
configure: Rewriting OBJDUMP to "/usr/bin/objdump"
checking for ANSI C header files... yes
checking for sys/types.h... yes
checking for sys/stat.h... yes
checking for stdlib.h... yes
checking for string.h... yes
checking for memory.h... yes
checking for strings.h... yes
checking for inttypes.h... yes
checking for stdint.h... yes
checking for unistd.h... yes
checking stdio.h usability... yes
checking stdio.h presence... yes
checking for stdio.h... yes
checking size of int *... 8
checking for target address size... 64 bits
checking whether byte ordering is bigendian... no
checking if compiler supports "-m64"... yes
checking if compiler supports "-m64"... yes
checking for broken SuSE 'ld' which only understands anonymous version tags in executables... no
checking if we should generate debug symbols... true
checking if we should zip debug-info files... yes
checking what is not needed on Linux?... pulse
checking for Mac OS X Java Framework... no
checking for X... libraries , headers 
checking for gethostbyname... yes
checking for connect... yes
checking for remove... yes
checking for shmat... yes
checking for IceConnectionNumber in -lICE... yes
checking for X11/extensions/shape.h... yes
checking for X11/extensions/Xrender.h... yes
checking for X11/extensions/XTest.h... yes
checking for X11/Intrinsic.h... yes
checking cups/cups.h usability... yes
checking cups/cups.h presence... yes
checking for cups/cups.h... yes
checking cups/ppd.h usability... yes
checking cups/ppd.h presence... yes
checking for cups/ppd.h... yes
checking for FREETYPE... yes
checking for freetype... yes (using pkg-config)
checking if we can compile and link with freetype... yes
checking if we should bundle freetype... no
checking for ALSA... yes
checking for main in -ljpeg... yes
checking for which giflib to use... bundled
checking for compress in -lz... yes
checking for which zlib to use... bundled
checking for cos in -lm... yes
checking for dlopen in -ldl... yes
checking if dynamic link of stdc++ is possible... yes
checking if static link of stdc++ is possible... yes
checking how to link with libstdc++... static
checking if elliptic curve crypto implementation is present... yes
checking for number of cores... 4
checking for memory size... 3901 MB
checking for appropriate number of jobs to run in parallel... 3
checking whether to use sjavac... no
checking that precompiled headers work... yes
checking for ccache... no
checking if build directory is on local disk... yes
configure: creating /home/xknower/Desktop/openjdk/jdk8/openjdk/build/linux-x86_64-normal-server-release/config.status
config.status: creating /home/xknower/Desktop/openjdk/jdk8/openjdk/build/linux-x86_64-normal-server-release/spec.gmk
config.status: creating /home/xknower/Desktop/openjdk/jdk8/openjdk/build/linux-x86_64-normal-server-release/hotspot-spec.gmk
config.status: creating /home/xknower/Desktop/openjdk/jdk8/openjdk/build/linux-x86_64-normal-server-release/bootcycle-spec.gmk
config.status: creating /home/xknower/Desktop/openjdk/jdk8/openjdk/build/linux-x86_64-normal-server-release/compare.sh
config.status: creating /home/xknower/Desktop/openjdk/jdk8/openjdk/build/linux-x86_64-normal-server-release/spec.sh
config.status: creating /home/xknower/Desktop/openjdk/jdk8/openjdk/build/linux-x86_64-normal-server-release/Makefile
config.status: creating /home/xknower/Desktop/openjdk/jdk8/openjdk/build/linux-x86_64-normal-server-release/config.h

====================================================
A new configuration has been successfully created in
/home/xknower/Desktop/openjdk/jdk8/openjdk/build/linux-x86_64-normal-server-release
using configure arguments '--with-boot-jdk=/home/xknower/Desktop/openjdk/jdk7/java-se-7u75-ri'.

Configuration summary:
* Debug level:    release
* JDK variant:    normal
* JVM variants:   server
* OpenJDK target: OS: linux, CPU architecture: x86, address length: 64

Tools summary:
* Boot JDK:       openjdk version "1.7.0_75" OpenJDK Runtime Environment (build 1.7.0_75-b13) OpenJDK 64-Bit Server VM (build 24.75-b04, mixed mode)  (at /home/xknower/Desktop/openjdk/jdk7/java-se-7u75-ri)
* C Compiler:     x86_64-linux-gnu-gcc-9 (Ubuntu 9.3.0-17ubuntu1~20.04) version 9.3.0 (at /usr/bin/x86_64-linux-gnu-gcc-9)
* C++ Compiler:   x86_64-linux-gnu-g++-9 (Ubuntu 9.3.0-17ubuntu1~20.04) version 9.3.0 (at /usr/bin/x86_64-linux-gnu-g++-9)

Build performance summary:
* Cores to use:   3
* Memory limit:   3901 MB
* ccache status:  not installed (consider installing)

Build performance tip: ccache gives a tremendous speedup for C++ recompilations.
You do not have ccache installed. Try installing it.
You might be able to fix this by running 'sudo apt-get install ccache'.